-------------------------------------------------------------------------------
>Log Session: Wednesday, January 9, 2013 5:04:04 PM CET
>System Info: 
  Product Version         = JReserve 201207171143
  Operating System        = Windows XP version 5.1 running on x86
  Java; VM; Vendor        = 1.6.0_17; Java HotSpot(TM) Server VM 14.3-b01; Sun Microsystems Inc.
  Runtime                 = Java(TM) SE Runtime Environment 1.6.0_17-b04
  Java Home               = D:\Eigen\Programs\JAVA\jdk1.6.0_17\jre
  System Locale; Encoding = nl_NL (jreserve); Cp1252
  Home Directory          = C:\Documents and Settings\aa461472
  Current Directory       = D:\Eigen\GitRepos\JReserve\NetbeansProject\jreserve\jreserve-core-app\target\jreserve
  User Directory          = D:\Eigen\GitRepos\JReserve\NetbeansProject\jreserve\jreserve-core-app\target\userdir
  Cache Directory         = D:\Eigen\GitRepos\JReserve\NetbeansProject\jreserve\jreserve-core-app\target\userdir\var\cache
  Installation            = D:\Eigen\GitRepos\JReserve\NetbeansProject\jreserve\jreserve-core-app\target\jreserve\bin
                            D:\Eigen\GitRepos\JReserve\NetbeansProject\jreserve\jreserve-core-app\target\jreserve\etc
                            D:\Eigen\GitRepos\JReserve\NetbeansProject\jreserve\jreserve-core-app\target\jreserve\jreserve
                            D:\Eigen\GitRepos\JReserve\NetbeansProject\jreserve\jreserve-core-app\target\jreserve\platform
                            D:\Eigen\GitRepos\JReserve\NetbeansProject\jreserve\jreserve-core-app\target\jreserve\platform
  Boot & Ext. Classpath   = D:\Eigen\Programs\JAVA\jdk1.6.0_17\jre\lib\resources.jar;D:\Eigen\Programs\JAVA\jdk1.6.0_17\jre\lib\rt.jar;D:\Eigen\Programs\JAVA\jdk1.6.0_17\jre\lib\sunrsasign.jar;D:\Eigen\Programs\JAVA\jdk1.6.0_17\jre\lib\jsse.jar;D:\Eigen\Programs\JAVA\jdk1.6.0_17\jre\lib\jce.jar;D:\Eigen\Programs\JAVA\jdk1.6.0_17\jre\lib\charsets.jar;D:\Eigen\Programs\JAVA\jdk1.6.0_17\jre\classes;D:\Eigen\Programs\JAVA\jdk1.6.0_17\jre\lib\ext\dnsns.jar;D:\Eigen\Programs\JAVA\jdk1.6.0_17\jre\lib\ext\j3dcore.jar;D:\Eigen\Programs\JAVA\jdk1.6.0_17\jre\lib\ext\j3dutils.jar;D:\Eigen\Programs\JAVA\jdk1.6.0_17\jre\lib\ext\localedata.jar;D:\Eigen\Programs\JAVA\jdk1.6.0_17\jre\lib\ext\sunjce_provider.jar;D:\Eigen\Programs\JAVA\jdk1.6.0_17\jre\lib\ext\sunmscapi.jar;D:\Eigen\Programs\JAVA\jdk1.6.0_17\jre\lib\ext\sunpkcs11.jar;D:\Eigen\Programs\JAVA\jdk1.6.0_17\jre\lib\ext\vecmath.jar
  Application Classpath   = D:\Eigen\GitRepos\JReserve\NetbeansProject\jreserve\jreserve-core-app\target\jreserve\platform\lib\boot.jar;D:\Eigen\GitRepos\JReserve\NetbeansProject\jreserve\jreserve-core-app\target\jreserve\platform\lib\org-openide-modules.jar;D:\Eigen\GitRepos\JReserve\NetbeansProject\jreserve\jreserve-core-app\target\jreserve\platform\lib\org-openide-util-lookup.jar;D:\Eigen\GitRepos\JReserve\NetbeansProject\jreserve\jreserve-core-app\target\jreserve\platform\lib\org-openide-util.jar;D:\Eigen\GitRepos\JReserve\NetbeansProject\jreserve\jreserve-core-app\target\jreserve\platform\lib\locale\boot_ja.jar;D:\Eigen\GitRepos\JReserve\NetbeansProject\jreserve\jreserve-core-app\target\jreserve\platform\lib\locale\boot_pt_BR.jar;D:\Eigen\GitRepos\JReserve\NetbeansProject\jreserve\jreserve-core-app\target\jreserve\platform\lib\locale\boot_ru.jar;D:\Eigen\GitRepos\JReserve\NetbeansProject\jreserve\jreserve-core-app\target\jreserve\platform\lib\locale\boot_zh_CN.jar;D:\Eigen\GitRepos\JReserve\NetbeansProject\jreserve\jreserve-core-app\target\jreserve\platform\lib\locale\org-openide-modules_ja.jar;D:\Eigen\GitRepos\JReserve\NetbeansProject\jreserve\jreserve-core-app\target\jreserve\platform\lib\locale\org-openide-modules_pt_BR.jar;D:\Eigen\GitRepos\JReserve\NetbeansProject\jreserve\jreserve-core-app\target\jreserve\platform\lib\locale\org-openide-modules_ru.jar;D:\Eigen\GitRepos\JReserve\NetbeansProject\jreserve\jreserve-core-app\target\jreserve\platform\lib\locale\org-openide-modules_zh_CN.jar;D:\Eigen\GitRepos\JReserve\NetbeansProject\jreserve\jreserve-core-app\target\jreserve\platform\lib\locale\org-openide-util-lookup_ja.jar;D:\Eigen\GitRepos\JReserve\NetbeansProject\jreserve\jreserve-core-app\target\jreserve\platform\lib\locale\org-openide-util-lookup_pt_BR.jar;D:\Eigen\GitRepos\JReserve\NetbeansProject\jreserve\jreserve-core-app\target\jreserve\platform\lib\locale\org-openide-util-lookup_ru.jar;D:\Eigen\GitRepos\JReserve\NetbeansProject\jreserve\jreserve-core-app\target\jreserve\platform\lib\locale\org-openide-util-lookup_zh_CN.jar;D:\Eigen\GitRepos\JReserve\NetbeansProject\jreserve\jreserve-core-app\target\jreserve\platform\lib\locale\org-openide-util_ja.jar;D:\Eigen\GitRepos\JReserve\NetbeansProject\jreserve\jreserve-core-app\target\jreserve\platform\lib\locale\org-openide-util_pt_BR.jar;D:\Eigen\GitRepos\JReserve\NetbeansProject\jreserve\jreserve-core-app\target\jreserve\platform\lib\locale\org-openide-util_ru.jar;D:\Eigen\GitRepos\JReserve\NetbeansProject\jreserve\jreserve-core-app\target\jreserve\platform\lib\locale\org-openide-util_zh_CN.jar;D:\Eigen\Programs\JAVA\jdk1.6.0_17\lib\dt.jar;D:\Eigen\Programs\JAVA\jdk1.6.0_17\lib\tools.jar
  Startup Classpath       = D:\Eigen\GitRepos\JReserve\NetbeansProject\jreserve\jreserve-core-app\target\jreserve\platform\core\core.jar;D:\Eigen\GitRepos\JReserve\NetbeansProject\jreserve\jreserve-core-app\target\jreserve\platform\core\org-openide-filesystems.jar;D:\Eigen\GitRepos\JReserve\NetbeansProject\jreserve\jreserve-core-app\target\jreserve\platform\core\locale\core_ja.jar;D:\Eigen\GitRepos\JReserve\NetbeansProject\jreserve\jreserve-core-app\target\jreserve\platform\core\locale\core_pt_BR.jar;D:\Eigen\GitRepos\JReserve\NetbeansProject\jreserve\jreserve-core-app\target\jreserve\platform\core\locale\core_ru.jar;D:\Eigen\GitRepos\JReserve\NetbeansProject\jreserve\jreserve-core-app\target\jreserve\platform\core\locale\core_zh_CN.jar;D:\Eigen\GitRepos\JReserve\NetbeansProject\jreserve\jreserve-core-app\target\jreserve\platform\core\locale\org-openide-filesystems_ja.jar;D:\Eigen\GitRepos\JReserve\NetbeansProject\jreserve\jreserve-core-app\target\jreserve\platform\core\locale\org-openide-filesystems_pt_BR.jar;D:\Eigen\GitRepos\JReserve\NetbeansProject\jreserve\jreserve-core-app\target\jreserve\platform\core\locale\org-openide-filesystems_ru.jar;D:\Eigen\GitRepos\JReserve\NetbeansProject\jreserve\jreserve-core-app\target\jreserve\platform\core\locale\org-openide-filesystems_zh_CN.jar;D:\Eigen\GitRepos\JReserve\NetbeansProject\jreserve\jreserve-core-app\target\jreserve\jreserve\core\locale\core_jreserve.jar
-------------------------------------------------------------------------------
WARNING [org.netbeans.core.projects.cache]: Inefficient to include an empty layer in a module: jar:file:/D:/Eigen/GitRepos/JReserve/NetbeansProject/jreserve/jreserve-core-app/target/jreserve/jreserve/modules/org-jreserve-jreserve-data-project.jar!/org/jreserve/project/layer.xml
WARNING [org.netbeans.core.projects.cache]: Inefficient to include an empty layer in a module: jar:file:/D:/Eigen/GitRepos/JReserve/NetbeansProject/jreserve/jreserve-core-app/target/jreserve/jreserve/modules/org-jreserve-jreserve-data-data.jar!/org/jreserve/data/layer.xml
WARNING [org.netbeans.core.projects.cache]: Inefficient to include an empty layer in a module: jar:file:/D:/Eigen/GitRepos/JReserve/NetbeansProject/jreserve/jreserve-core-app/target/jreserve/jreserve/modules/org-jreserve-jreserve-triangle-core.jar!/org/jreserve/triangle/layer.xml
WARNING [org.netbeans.core.projects.cache]: Inefficient to include an empty layer in a module: jar:file:/D:/Eigen/GitRepos/JReserve/NetbeansProject/jreserve/jreserve-core-app/target/jreserve/jreserve/modules/org-jreserve-jreserve-triangle-correction.jar!/org/jreserve/triangle/correction/layer.xml
WARNING [org.openide.filesystems.Ordering]: Not all children in Services/MIMEResolver/ marked with the position attribute: [org-jreserve-persistence-connection-EntityFactory-Registration.xml, org-jreserve-database-AbstractDatabase-Registration.xml], but some are: [org-openide-loaders-DataLoaderPool$InstanceLoaderSystem-Extension.xml, org-netbeans-core-startup-layers-SystemFileSystem-Extension.xml]
WARNING [org.openide.filesystems.Ordering]: Not all children in Services/MIMEResolver/ marked with the position attribute: [org-jreserve-database-AbstractDatabase-Registration.xml, org-jreserve-persistence-connection-EntityFactory-Registration.xml], but some are: [org-openide-loaders-DataLoaderPool$InstanceLoaderSystem-Extension.xml, org-netbeans-core-startup-layers-SystemFileSystem-Extension.xml]
WARNING [org.netbeans.core.startup.InstalledFileLocatorImpl]: no such module D:\Eigen\GitRepos\JReserve\NetbeansProject\jreserve\jreserve-core-app\target\jreserve\jreserve\update_tracking\org-jreserve-logging.xml at org.jreserve.logging.LoggerProperties.getConfigRoot(LoggerProperties.java:57)
WARNING [org.jreserve.logging.LoggingSetting]: Logger level: "org.netbeans" => WARNING
WARNING [org.jreserve.logging.LoggingSetting]: Logger level: "" => SEVERE
WARNING [org.jreserve.logging.LoggingSetting]: Logger level: "org.hibernate.SQL" => FINE
INFO [org.jreserve.database.DatabaseUtil]: Loading databases...
INFO [org.jreserve.database.DatabaseUtil]: Database home directory set to "Databases".
INFO [org.jreserve.database.DatabaseUtil]: Loading database file "Databases/db1.database".
INFO [org.jreserve.database.explorer.ProviderRootChildren]: Loading database providers...
INFO [org.jreserve.database.explorer.ProviderRootChildren]: DatabseProvider found: "Derby"
INFO [org.jreserve.database.explorer.ProviderRootChildren]: DatabseProvider found: "Oracle"
INFO [org.jreserve.persistence.connection.HibernateUtil]: Logging into database "db1".
INFO [org.jreserve.persistence.connection.LoginDialog]: Checking connection to "jdbc:derby:C:\Documents and Settings\aa461472\Desktop\db1" with driver "org.apache.derby.jdbc.EmbeddedDriver".
FINE [org.jreserve.persistence.connection.ProxyDriver]: Deregistering driver: "sun.jdbc.odbc.JdbcOdbcDriver@32728d"
FINE [org.jreserve.persistence.connection.SessionFactoryBuilder]: Hibernate property set: hibernate.connection.driver_class => org.jreserve.persistence.connection.ProxyDriver
FINE [org.jreserve.persistence.connection.SessionFactoryBuilder]: Hibernate property set: hibernate.c3p0.min_size => 5
FINE [org.jreserve.persistence.connection.SessionFactoryBuilder]: Hibernate property set: hibernate.c3p0.max_size => 5
FINE [org.jreserve.persistence.connection.SessionFactoryBuilder]: Hibernate property set: hibernate.c3p0.timeout => 1800
FINE [org.jreserve.persistence.connection.SessionFactoryBuilder]: Hibernate property set: hibernate.c3p0.max_statements => 50
FINE [org.jreserve.persistence.connection.SessionFactoryBuilder]: Hibernate property set: hibernate.connection.provider_class => org.hibernate.service.jdbc.connections.internal.C3P0ConnectionProvider
FINE [org.jreserve.persistence.connection.SessionFactoryBuilder]: Hibernate property set: hibernate.cache.provider_configuration_file_resource_path => org.hibernate.cache.internal.NoCacheProvider
FINE [org.jreserve.persistence.connection.SessionFactoryBuilder]: Hibernate property set: hibernate.current_session_context_class => thread
FINE [org.jreserve.persistence.connection.SessionFactoryBuilder]: Hibernate property set: hibernate.show_sql => false
FINE [org.jreserve.persistence.connection.SessionFactoryBuilder]: Hibernate property set: hibernate.hbm2ddl.auto => update
FINE [org.jreserve.persistence.connection.SessionFactoryBuilder]: Hibernate property set: org.hibernate.envers.store_data_at_delete => true
FINE [org.jreserve.persistence.connection.EntityFactory]: Processing entity file "JReserve/Entities/org-jreserve-project-entities-Project.entity".
FINE [org.jreserve.persistence.connection.EntityFactory]: Processing entity file "JReserve/Entities/org-jreserve-persistence-AbstractPersistentObject.entity".
FINE [org.jreserve.persistence.connection.EntityFactory]: Processing entity file "JReserve/Entities/org-jreserve-triangle-correction-entities-TriangleCorrection.entity".
FINE [org.jreserve.persistence.connection.EntityFactory]: Processing entity file "JReserve/Entities/org-jreserve-triangle-smoothing-Smoothing.entity".
FINE [org.jreserve.persistence.connection.EntityFactory]: Processing entity file "JReserve/Entities/org-jreserve-project-entities-LoB.entity".
FINE [org.jreserve.persistence.connection.EntityFactory]: Processing entity file "JReserve/Entities/org-jreserve-data-entities-ClaimValue.entity".
FINE [org.jreserve.persistence.connection.EntityFactory]: Processing entity file "JReserve/Entities/org-jreserve-data-entities-DataLog.entity".
FINE [org.jreserve.persistence.connection.EntityFactory]: Processing entity file "JReserve/Entities/org-jreserve-triangle-comment-TriangleComment.entity".
FINE [org.jreserve.persistence.connection.EntityFactory]: Processing entity file "JReserve/Entities/org-jreserve-triangle-entities-Triangle.entity".
FINE [org.jreserve.persistence.connection.EntityFactory]: Processing entity file "JReserve/Entities/org-jreserve-audit-JReserveRevisionEntity.entity".
FINE [org.jreserve.persistence.connection.EntityFactory]: Processing entity file "JReserve/Entities/org-jreserve-project-entities-ClaimType.entity".
FINE [org.jreserve.persistence.connection.EntityFactory]: Processing entity file "JReserve/Entities/org-jreserve-triangle-smoothing-geometric-GeometricSmoothing.entity".
FINE [org.jreserve.persistence.connection.EntityFactory]: Processing entity file "JReserve/Entities/org-jreserve-triangle-smoothing-SmoothingCell.entity".
FINE [org.jreserve.persistence.connection.EntityFactory]: Processing entity file "JReserve/Entities/org-jreserve-data-ProjectDataType.entity".
FINE [org.jreserve.persistence.connection.SessionFactoryBuilder]: Entity class "org.jreserve.project.entities.Project" added to configuration!
FINE [org.jreserve.persistence.connection.SessionFactoryBuilder]: Entity class "org.jreserve.persistence.AbstractPersistentObject" added to configuration!
FINE [org.jreserve.persistence.connection.SessionFactoryBuilder]: Entity class "org.jreserve.project.entities.LoB" added to configuration!
FINE [org.jreserve.persistence.connection.SessionFactoryBuilder]: Entity class "org.jreserve.data.ProjectDataType" added to configuration!
FINE [org.jreserve.persistence.connection.SessionFactoryBuilder]: Entity class "org.jreserve.triangle.smoothing.geometric.GeometricSmoothing" added to configuration!
FINE [org.jreserve.persistence.connection.SessionFactoryBuilder]: Entity class "org.jreserve.triangle.correction.entities.TriangleCorrection" added to configuration!
FINE [org.jreserve.persistence.connection.SessionFactoryBuilder]: Entity class "org.jreserve.audit.JReserveRevisionEntity" added to configuration!
FINE [org.jreserve.persistence.connection.SessionFactoryBuilder]: Entity class "org.jreserve.data.entities.DataLog" added to configuration!
FINE [org.jreserve.persistence.connection.SessionFactoryBuilder]: Entity class "org.jreserve.triangle.comment.TriangleComment" added to configuration!
FINE [org.jreserve.persistence.connection.SessionFactoryBuilder]: Entity class "org.jreserve.triangle.smoothing.Smoothing" added to configuration!
FINE [org.jreserve.persistence.connection.SessionFactoryBuilder]: Entity class "org.jreserve.project.entities.ClaimType" added to configuration!
FINE [org.jreserve.persistence.connection.SessionFactoryBuilder]: Entity class "org.jreserve.data.entities.ClaimValue" added to configuration!
FINE [org.jreserve.persistence.connection.SessionFactoryBuilder]: Entity class "org.jreserve.triangle.smoothing.SmoothingCell" added to configuration!
FINE [org.jreserve.persistence.connection.SessionFactoryBuilder]: Entity class "org.jreserve.triangle.entities.Triangle" added to configuration!
FINE [org.jreserve.persistence.connection.SessionFactoryBuilder]: Hibernate property set: hibernate.connection.url => jdbc:derby:C:\Documents and Settings\aa461472\Desktop\db1
FINE [org.jreserve.persistence.connection.SessionFactoryBuilder]: Hibernate property set: hibernate.connection.username => null
FINE [org.jreserve.persistence.connection.SessionFactoryBuilder]: Hibernate property set: hibernate.connection.password => ****
FINE [org.jreserve.persistence.connection.HibernateUtil]: SessionFactory initialized.
INFO [org.jreserve.persistence.connection.HibernateUtil]: Database "db1" is marked as used.
FINE [org.jreserve.project.system.util.FactoryUtil]: Loading ProjectElementFactories from "JReserve/Project/ElementFactories"...
FINE [org.jreserve.project.system.util.FactoryUtil]: Loaded ProjectElementFactory: org.jreserve.project.entities.claimtype.ClaimTypeLoader
FINE [org.jreserve.project.system.util.FactoryUtil]: Loaded ProjectElementFactory: org.jreserve.project.entities.lob.LoBLoader
FINE [org.jreserve.project.system.util.FactoryUtil]: Loaded ProjectElementFactory: org.jreserve.project.entities.project.ProjectLoader
FINE [org.jreserve.project.system.util.FactoryUtil]: Loaded ProjectElementFactory: org.jreserve.data.projectdatatype.ProjectDataTypeLoader
FINE [org.jreserve.project.system.util.FactoryUtil]: Loaded ProjectElementFactory: org.jreserve.triangle.data.project.TriangleLoader
FINE [org.jreserve.project.system.util.FactoryUtil]: Loaded ProjectElementFactory: org.jreserve.triangle.data.project.ProjectDataContainerLoader
FINE [org.jreserve.project.system.util.FactoryUtil]: Loaded ProjectElementFactory: org.jreserve.estimate.core.container.EstimateContainerLoader
DEBUG [org.hibernate.SQL]: select lob0_.ID as ID0_, lob0_.VERSION as VERSION0_, lob0_.LOB_NAME as LOB1_2_ from JRESERVE.LOB lob0_
FINE [org.jreserve.project.system.AbstractProjectElementFactory]: Loaded project element: LoB [Motor]
DEBUG [org.hibernate.SQL]: select claimtypes0_.LOB_ID as LOB2_0_1_, claimtypes0_.ID as ID1_, claimtypes0_.ID as ID0_0_, claimtypes0_.VERSION as VERSION0_0_, claimtypes0_.LOB_ID as LOB2_10_0_, claimtypes0_.CLAIM_TYPE_NAME as CLAIM1_10_0_ from JRESERVE.CLAIM_TYPE claimtypes0_ where claimtypes0_.LOB_ID=?
FINE [org.jreserve.project.system.AbstractProjectElementFactory]: Loaded project element: ClaimType [BI]
DEBUG [org.hibernate.SQL]: select projects0_.CLAIM_TYPE_ID as CLAIM3_0_1_, projects0_.ID as ID1_, projects0_.ID as ID0_0_, projects0_.VERSION as VERSION0_0_, projects0_.CLAIM_TYPE_ID as CLAIM3_1_0_, projects0_.PROJECT_DESCRIPTION as PROJECT1_1_0_, projects0_.PROJECT_NAME as PROJECT2_1_0_ from JRESERVE.PROJECT projects0_ where projects0_.CLAIM_TYPE_ID=?
FINE [org.jreserve.project.system.AbstractProjectElementFactory]: Loaded project element: Project [Base]
FINE [org.jreserve.project.system.AbstractProjectElementFactory]: Loaded project element: org.jreserve.project.system.container.ProjectElementContainer@c8
DEBUG [org.hibernate.SQL]: select triangle0_.ID as ID0_, triangle0_.VERSION as VERSION0_, triangle0_.DATA_TYPE_ID as DATA9_13_, triangle0_.DESCRIPTION as DESCRIPT1_13_, triangle0_.MONTH_IN_ACCIDENT as MONTH2_13_, triangle0_.ACCIDENT_PERIODS as ACCIDENT3_13_, triangle0_.MONTH_IN_DEVELOPMENT as MONTH4_13_, triangle0_.DEVELOPMENT_PERIODS as DEVELOPM5_13_, triangle0_.START_DATE as START6_13_, triangle0_.IS_TRIANGLE as IS7_13_, triangle0_.NAME as NAME13_, triangle0_.PROJECT_ID as PROJECT10_13_ from JRESERVE.TRIANGLE triangle0_ where triangle0_.PROJECT_ID=?
FINE [org.jreserve.project.system.AbstractProjectElementFactory]: Loaded project element: Triangle [Burning cost;]
FINE [org.jreserve.triangle.smoothing.geometric.GeometricSmoothingLoader]: Loading GeometricSmoothings for: Triangle [Burning cost;]
DEBUG [org.hibernate.SQL]: select geometrics0_.ID as ID4_, geometrics0_1_.SMOOTHING_NAME as SMOOTHING2_4_, geometrics0_1_.SMOOTH_ORDER as SMOOTH3_4_, geometrics0_1_.OWNER_ID as OWNER4_4_, geometrics0_1_.VERSION as VERSION4_ from JRESERVE.GEOMETRIC_SMOOTHING geometrics0_ inner join JRESERVE.SMOOTHING geometrics0_1_ on geometrics0_.ID=geometrics0_1_.ID where geometrics0_1_.OWNER_ID=?
FINE [org.jreserve.triangle.correction.TriangleCorrectionLoader]: Loading TriangleCorrections for: Triangle [Burning cost;]
DEBUG [org.hibernate.SQL]: select triangleco0_.ID as ID0_, triangleco0_.VERSION as VERSION0_, triangleco0_.ACCIDENT_PERIOD as ACCIDENT1_6_, triangleco0_.CORRIGATED_VALUE as CORRIGATED2_6_, triangleco0_.DEVELOPMENT_PERIOD as DEVELOPM3_6_, triangleco0_.MODIFICATION_ORDER as MODIFICA4_6_, triangleco0_.OWNER_ID as OWNER5_6_ from JRESERVE.TRIANGLE_CORRECTION triangleco0_ where triangleco0_.OWNER_ID=?
FINE [org.jreserve.triangle.comment.TriangleCommentUtil]: Loading TriangleCorrections for: Triangle [Burning cost;]
DEBUG [org.hibernate.SQL]: select triangleco0_.ID as ID0_, triangleco0_.VERSION as VERSION0_, triangleco0_.ACCIDENT_PERIOD as ACCIDENT1_9_, triangleco0_.COMMANT_TEXT as COMMANT2_9_, triangleco0_.CREATION_DATE as CREATION3_9_, triangleco0_.DEVELOPMENT_PERIOD as DEVELOPM4_9_, triangleco0_.OWNER_ID as OWNER5_9_, triangleco0_.USER_NAME as USER6_9_ from JRESERVE.TRIANGLE_COMMENT triangleco0_ where triangleco0_.OWNER_ID=?
DEBUG [org.hibernate.SQL]: select projectdat0_.ID as ID0_0_, projectdat0_.VERSION as VERSION0_0_, projectdat0_.CLAIM_TYPE_ID as CLAIM4_3_0_, projectdat0_.DB_ID as DB1_3_0_, projectdat0_.IS_TRIANGLE as IS2_3_0_, projectdat0_.NAME as NAME3_0_ from JRESERVE.DATA_TYPE projectdat0_ where projectdat0_.ID=?
FINE [org.jreserve.project.system.AbstractProjectElementFactory]: Loaded project element: Triangle [Claim count;]
FINE [org.jreserve.triangle.smoothing.geometric.GeometricSmoothingLoader]: Loading GeometricSmoothings for: Triangle [Claim count;]
DEBUG [org.hibernate.SQL]: select geometrics0_.ID as ID4_, geometrics0_1_.SMOOTHING_NAME as SMOOTHING2_4_, geometrics0_1_.SMOOTH_ORDER as SMOOTH3_4_, geometrics0_1_.OWNER_ID as OWNER4_4_, geometrics0_1_.VERSION as VERSION4_ from JRESERVE.GEOMETRIC_SMOOTHING geometrics0_ inner join JRESERVE.SMOOTHING geometrics0_1_ on geometrics0_.ID=geometrics0_1_.ID where geometrics0_1_.OWNER_ID=?
FINE [org.jreserve.triangle.correction.TriangleCorrectionLoader]: Loading TriangleCorrections for: Triangle [Claim count;]
DEBUG [org.hibernate.SQL]: select triangleco0_.ID as ID0_, triangleco0_.VERSION as VERSION0_, triangleco0_.ACCIDENT_PERIOD as ACCIDENT1_6_, triangleco0_.CORRIGATED_VALUE as CORRIGATED2_6_, triangleco0_.DEVELOPMENT_PERIOD as DEVELOPM3_6_, triangleco0_.MODIFICATION_ORDER as MODIFICA4_6_, triangleco0_.OWNER_ID as OWNER5_6_ from JRESERVE.TRIANGLE_CORRECTION triangleco0_ where triangleco0_.OWNER_ID=?
FINE [org.jreserve.triangle.comment.TriangleCommentUtil]: Loading TriangleCorrections for: Triangle [Claim count;]
DEBUG [org.hibernate.SQL]: select triangleco0_.ID as ID0_, triangleco0_.VERSION as VERSION0_, triangleco0_.ACCIDENT_PERIOD as ACCIDENT1_9_, triangleco0_.COMMANT_TEXT as COMMANT2_9_, triangleco0_.CREATION_DATE as CREATION3_9_, triangleco0_.DEVELOPMENT_PERIOD as DEVELOPM4_9_, triangleco0_.OWNER_ID as OWNER5_9_, triangleco0_.USER_NAME as USER6_9_ from JRESERVE.TRIANGLE_COMMENT triangleco0_ where triangleco0_.OWNER_ID=?
DEBUG [org.hibernate.SQL]: select projectdat0_.ID as ID0_0_, projectdat0_.VERSION as VERSION0_0_, projectdat0_.CLAIM_TYPE_ID as CLAIM4_3_0_, projectdat0_.DB_ID as DB1_3_0_, projectdat0_.IS_TRIANGLE as IS2_3_0_, projectdat0_.NAME as NAME3_0_ from JRESERVE.DATA_TYPE projectdat0_ where projectdat0_.ID=?
FINE [org.jreserve.project.system.AbstractProjectElementFactory]: Loaded project element: Triangle [Incurred;]
FINE [org.jreserve.triangle.smoothing.geometric.GeometricSmoothingLoader]: Loading GeometricSmoothings for: Triangle [Incurred;]
DEBUG [org.hibernate.SQL]: select geometrics0_.ID as ID4_, geometrics0_1_.SMOOTHING_NAME as SMOOTHING2_4_, geometrics0_1_.SMOOTH_ORDER as SMOOTH3_4_, geometrics0_1_.OWNER_ID as OWNER4_4_, geometrics0_1_.VERSION as VERSION4_ from JRESERVE.GEOMETRIC_SMOOTHING geometrics0_ inner join JRESERVE.SMOOTHING geometrics0_1_ on geometrics0_.ID=geometrics0_1_.ID where geometrics0_1_.OWNER_ID=?
FINE [org.jreserve.triangle.correction.TriangleCorrectionLoader]: Loading TriangleCorrections for: Triangle [Incurred;]
DEBUG [org.hibernate.SQL]: select triangleco0_.ID as ID0_, triangleco0_.VERSION as VERSION0_, triangleco0_.ACCIDENT_PERIOD as ACCIDENT1_6_, triangleco0_.CORRIGATED_VALUE as CORRIGATED2_6_, triangleco0_.DEVELOPMENT_PERIOD as DEVELOPM3_6_, triangleco0_.MODIFICATION_ORDER as MODIFICA4_6_, triangleco0_.OWNER_ID as OWNER5_6_ from JRESERVE.TRIANGLE_CORRECTION triangleco0_ where triangleco0_.OWNER_ID=?
FINE [org.jreserve.triangle.comment.TriangleCommentUtil]: Loading TriangleCorrections for: Triangle [Incurred;]
DEBUG [org.hibernate.SQL]: select triangleco0_.ID as ID0_, triangleco0_.VERSION as VERSION0_, triangleco0_.ACCIDENT_PERIOD as ACCIDENT1_9_, triangleco0_.COMMANT_TEXT as COMMANT2_9_, triangleco0_.CREATION_DATE as CREATION3_9_, triangleco0_.DEVELOPMENT_PERIOD as DEVELOPM4_9_, triangleco0_.OWNER_ID as OWNER5_9_, triangleco0_.USER_NAME as USER6_9_ from JRESERVE.TRIANGLE_COMMENT triangleco0_ where triangleco0_.OWNER_ID=?
DEBUG [org.hibernate.SQL]: select projectdat0_.ID as ID0_0_, projectdat0_.VERSION as VERSION0_0_, projectdat0_.CLAIM_TYPE_ID as CLAIM4_3_0_, projectdat0_.DB_ID as DB1_3_0_, projectdat0_.IS_TRIANGLE as IS2_3_0_, projectdat0_.NAME as NAME3_0_ from JRESERVE.DATA_TYPE projectdat0_ where projectdat0_.ID=?
FINE [org.jreserve.project.system.AbstractProjectElementFactory]: Loaded project element: Triangle [Paid;]
FINE [org.jreserve.triangle.smoothing.geometric.GeometricSmoothingLoader]: Loading GeometricSmoothings for: Triangle [Paid;]
DEBUG [org.hibernate.SQL]: select geometrics0_.ID as ID4_, geometrics0_1_.SMOOTHING_NAME as SMOOTHING2_4_, geometrics0_1_.SMOOTH_ORDER as SMOOTH3_4_, geometrics0_1_.OWNER_ID as OWNER4_4_, geometrics0_1_.VERSION as VERSION4_ from JRESERVE.GEOMETRIC_SMOOTHING geometrics0_ inner join JRESERVE.SMOOTHING geometrics0_1_ on geometrics0_.ID=geometrics0_1_.ID where geometrics0_1_.OWNER_ID=?
FINE [org.jreserve.triangle.correction.TriangleCorrectionLoader]: Loading TriangleCorrections for: Triangle [Paid;]
DEBUG [org.hibernate.SQL]: select triangleco0_.ID as ID0_, triangleco0_.VERSION as VERSION0_, triangleco0_.ACCIDENT_PERIOD as ACCIDENT1_6_, triangleco0_.CORRIGATED_VALUE as CORRIGATED2_6_, triangleco0_.DEVELOPMENT_PERIOD as DEVELOPM3_6_, triangleco0_.MODIFICATION_ORDER as MODIFICA4_6_, triangleco0_.OWNER_ID as OWNER5_6_ from JRESERVE.TRIANGLE_CORRECTION triangleco0_ where triangleco0_.OWNER_ID=?
FINE [org.jreserve.triangle.comment.TriangleCommentUtil]: Loading TriangleCorrections for: Triangle [Paid;]
DEBUG [org.hibernate.SQL]: select triangleco0_.ID as ID0_, triangleco0_.VERSION as VERSION0_, triangleco0_.ACCIDENT_PERIOD as ACCIDENT1_9_, triangleco0_.COMMANT_TEXT as COMMANT2_9_, triangleco0_.CREATION_DATE as CREATION3_9_, triangleco0_.DEVELOPMENT_PERIOD as DEVELOPM4_9_, triangleco0_.OWNER_ID as OWNER5_9_, triangleco0_.USER_NAME as USER6_9_ from JRESERVE.TRIANGLE_COMMENT triangleco0_ where triangleco0_.OWNER_ID=?
DEBUG [org.hibernate.SQL]: select projectdat0_.ID as ID0_0_, projectdat0_.VERSION as VERSION0_0_, projectdat0_.CLAIM_TYPE_ID as CLAIM4_3_0_, projectdat0_.DB_ID as DB1_3_0_, projectdat0_.IS_TRIANGLE as IS2_3_0_, projectdat0_.NAME as NAME3_0_ from JRESERVE.DATA_TYPE projectdat0_ where projectdat0_.ID=?
FINE [org.jreserve.project.system.AbstractProjectElementFactory]: Loaded project element: org.jreserve.project.system.container.ProjectElementContainer@12c
DEBUG [org.hibernate.SQL]: select projectdat0_.ID as ID0_, projectdat0_.VERSION as VERSION0_, projectdat0_.CLAIM_TYPE_ID as CLAIM4_3_, projectdat0_.DB_ID as DB1_3_, projectdat0_.IS_TRIANGLE as IS2_3_, projectdat0_.NAME as NAME3_ from JRESERVE.DATA_TYPE projectdat0_ where projectdat0_.CLAIM_TYPE_ID=? order by projectdat0_.DB_ID
FINE [org.jreserve.project.system.AbstractProjectElementFactory]: Loaded project element: ProjectDataType [100; Incurred; ClaimType [BI]]
FINE [org.jreserve.project.system.AbstractProjectElementFactory]: Loaded project element: ProjectDataType [200; Paid; ClaimType [BI]]
FINE [org.jreserve.project.system.AbstractProjectElementFactory]: Loaded project element: ProjectDataType [300; Claim count; ClaimType [BI]]
FINE [org.jreserve.project.system.AbstractProjectElementFactory]: Loaded project element: ProjectDataType [400; Burning cost; ClaimType [BI]]
FINE [org.jreserve.project.system.AbstractProjectElementFactory]: Loaded project element: ClaimType [MD]
DEBUG [org.hibernate.SQL]: select projects0_.CLAIM_TYPE_ID as CLAIM3_0_1_, projects0_.ID as ID1_, projects0_.ID as ID0_0_, projects0_.VERSION as VERSION0_0_, projects0_.CLAIM_TYPE_ID as CLAIM3_1_0_, projects0_.PROJECT_DESCRIPTION as PROJECT1_1_0_, projects0_.PROJECT_NAME as PROJECT2_1_0_ from JRESERVE.PROJECT projects0_ where projects0_.CLAIM_TYPE_ID=?
FINE [org.jreserve.project.system.AbstractProjectElementFactory]: Loaded project element: Project [Base]
FINE [org.jreserve.project.system.AbstractProjectElementFactory]: Loaded project element: org.jreserve.project.system.container.ProjectElementContainer@c8
DEBUG [org.hibernate.SQL]: select triangle0_.ID as ID0_, triangle0_.VERSION as VERSION0_, triangle0_.DATA_TYPE_ID as DATA9_13_, triangle0_.DESCRIPTION as DESCRIPT1_13_, triangle0_.MONTH_IN_ACCIDENT as MONTH2_13_, triangle0_.ACCIDENT_PERIODS as ACCIDENT3_13_, triangle0_.MONTH_IN_DEVELOPMENT as MONTH4_13_, triangle0_.DEVELOPMENT_PERIODS as DEVELOPM5_13_, triangle0_.START_DATE as START6_13_, triangle0_.IS_TRIANGLE as IS7_13_, triangle0_.NAME as NAME13_, triangle0_.PROJECT_ID as PROJECT10_13_ from JRESERVE.TRIANGLE triangle0_ where triangle0_.PROJECT_ID=?
FINE [org.jreserve.project.system.AbstractProjectElementFactory]: Loaded project element: Triangle [Burning cost;]
FINE [org.jreserve.triangle.smoothing.geometric.GeometricSmoothingLoader]: Loading GeometricSmoothings for: Triangle [Burning cost;]
DEBUG [org.hibernate.SQL]: select geometrics0_.ID as ID4_, geometrics0_1_.SMOOTHING_NAME as SMOOTHING2_4_, geometrics0_1_.SMOOTH_ORDER as SMOOTH3_4_, geometrics0_1_.OWNER_ID as OWNER4_4_, geometrics0_1_.VERSION as VERSION4_ from JRESERVE.GEOMETRIC_SMOOTHING geometrics0_ inner join JRESERVE.SMOOTHING geometrics0_1_ on geometrics0_.ID=geometrics0_1_.ID where geometrics0_1_.OWNER_ID=?
FINE [org.jreserve.triangle.correction.TriangleCorrectionLoader]: Loading TriangleCorrections for: Triangle [Burning cost;]
DEBUG [org.hibernate.SQL]: select triangleco0_.ID as ID0_, triangleco0_.VERSION as VERSION0_, triangleco0_.ACCIDENT_PERIOD as ACCIDENT1_6_, triangleco0_.CORRIGATED_VALUE as CORRIGATED2_6_, triangleco0_.DEVELOPMENT_PERIOD as DEVELOPM3_6_, triangleco0_.MODIFICATION_ORDER as MODIFICA4_6_, triangleco0_.OWNER_ID as OWNER5_6_ from JRESERVE.TRIANGLE_CORRECTION triangleco0_ where triangleco0_.OWNER_ID=?
FINE [org.jreserve.triangle.comment.TriangleCommentUtil]: Loading TriangleCorrections for: Triangle [Burning cost;]
DEBUG [org.hibernate.SQL]: select triangleco0_.ID as ID0_, triangleco0_.VERSION as VERSION0_, triangleco0_.ACCIDENT_PERIOD as ACCIDENT1_9_, triangleco0_.COMMANT_TEXT as COMMANT2_9_, triangleco0_.CREATION_DATE as CREATION3_9_, triangleco0_.DEVELOPMENT_PERIOD as DEVELOPM4_9_, triangleco0_.OWNER_ID as OWNER5_9_, triangleco0_.USER_NAME as USER6_9_ from JRESERVE.TRIANGLE_COMMENT triangleco0_ where triangleco0_.OWNER_ID=?
DEBUG [org.hibernate.SQL]: select projectdat0_.ID as ID0_0_, projectdat0_.VERSION as VERSION0_0_, projectdat0_.CLAIM_TYPE_ID as CLAIM4_3_0_, projectdat0_.DB_ID as DB1_3_0_, projectdat0_.IS_TRIANGLE as IS2_3_0_, projectdat0_.NAME as NAME3_0_ from JRESERVE.DATA_TYPE projectdat0_ where projectdat0_.ID=?
FINE [org.jreserve.project.system.AbstractProjectElementFactory]: Loaded project element: Triangle [Claim count;]
FINE [org.jreserve.triangle.smoothing.geometric.GeometricSmoothingLoader]: Loading GeometricSmoothings for: Triangle [Claim count;]
DEBUG [org.hibernate.SQL]: select geometrics0_.ID as ID4_, geometrics0_1_.SMOOTHING_NAME as SMOOTHING2_4_, geometrics0_1_.SMOOTH_ORDER as SMOOTH3_4_, geometrics0_1_.OWNER_ID as OWNER4_4_, geometrics0_1_.VERSION as VERSION4_ from JRESERVE.GEOMETRIC_SMOOTHING geometrics0_ inner join JRESERVE.SMOOTHING geometrics0_1_ on geometrics0_.ID=geometrics0_1_.ID where geometrics0_1_.OWNER_ID=?
FINE [org.jreserve.triangle.correction.TriangleCorrectionLoader]: Loading TriangleCorrections for: Triangle [Claim count;]
DEBUG [org.hibernate.SQL]: select triangleco0_.ID as ID0_, triangleco0_.VERSION as VERSION0_, triangleco0_.ACCIDENT_PERIOD as ACCIDENT1_6_, triangleco0_.CORRIGATED_VALUE as CORRIGATED2_6_, triangleco0_.DEVELOPMENT_PERIOD as DEVELOPM3_6_, triangleco0_.MODIFICATION_ORDER as MODIFICA4_6_, triangleco0_.OWNER_ID as OWNER5_6_ from JRESERVE.TRIANGLE_CORRECTION triangleco0_ where triangleco0_.OWNER_ID=?
FINE [org.jreserve.triangle.comment.TriangleCommentUtil]: Loading TriangleCorrections for: Triangle [Claim count;]
DEBUG [org.hibernate.SQL]: select triangleco0_.ID as ID0_, triangleco0_.VERSION as VERSION0_, triangleco0_.ACCIDENT_PERIOD as ACCIDENT1_9_, triangleco0_.COMMANT_TEXT as COMMANT2_9_, triangleco0_.CREATION_DATE as CREATION3_9_, triangleco0_.DEVELOPMENT_PERIOD as DEVELOPM4_9_, triangleco0_.OWNER_ID as OWNER5_9_, triangleco0_.USER_NAME as USER6_9_ from JRESERVE.TRIANGLE_COMMENT triangleco0_ where triangleco0_.OWNER_ID=?
DEBUG [org.hibernate.SQL]: select projectdat0_.ID as ID0_0_, projectdat0_.VERSION as VERSION0_0_, projectdat0_.CLAIM_TYPE_ID as CLAIM4_3_0_, projectdat0_.DB_ID as DB1_3_0_, projectdat0_.IS_TRIANGLE as IS2_3_0_, projectdat0_.NAME as NAME3_0_ from JRESERVE.DATA_TYPE projectdat0_ where projectdat0_.ID=?
FINE [org.jreserve.project.system.AbstractProjectElementFactory]: Loaded project element: Triangle [Incurred;]
FINE [org.jreserve.triangle.smoothing.geometric.GeometricSmoothingLoader]: Loading GeometricSmoothings for: Triangle [Incurred;]
DEBUG [org.hibernate.SQL]: select geometrics0_.ID as ID4_, geometrics0_1_.SMOOTHING_NAME as SMOOTHING2_4_, geometrics0_1_.SMOOTH_ORDER as SMOOTH3_4_, geometrics0_1_.OWNER_ID as OWNER4_4_, geometrics0_1_.VERSION as VERSION4_ from JRESERVE.GEOMETRIC_SMOOTHING geometrics0_ inner join JRESERVE.SMOOTHING geometrics0_1_ on geometrics0_.ID=geometrics0_1_.ID where geometrics0_1_.OWNER_ID=?
FINE [org.jreserve.triangle.correction.TriangleCorrectionLoader]: Loading TriangleCorrections for: Triangle [Incurred;]
DEBUG [org.hibernate.SQL]: select triangleco0_.ID as ID0_, triangleco0_.VERSION as VERSION0_, triangleco0_.ACCIDENT_PERIOD as ACCIDENT1_6_, triangleco0_.CORRIGATED_VALUE as CORRIGATED2_6_, triangleco0_.DEVELOPMENT_PERIOD as DEVELOPM3_6_, triangleco0_.MODIFICATION_ORDER as MODIFICA4_6_, triangleco0_.OWNER_ID as OWNER5_6_ from JRESERVE.TRIANGLE_CORRECTION triangleco0_ where triangleco0_.OWNER_ID=?
FINE [org.jreserve.triangle.comment.TriangleCommentUtil]: Loading TriangleCorrections for: Triangle [Incurred;]
DEBUG [org.hibernate.SQL]: select triangleco0_.ID as ID0_, triangleco0_.VERSION as VERSION0_, triangleco0_.ACCIDENT_PERIOD as ACCIDENT1_9_, triangleco0_.COMMANT_TEXT as COMMANT2_9_, triangleco0_.CREATION_DATE as CREATION3_9_, triangleco0_.DEVELOPMENT_PERIOD as DEVELOPM4_9_, triangleco0_.OWNER_ID as OWNER5_9_, triangleco0_.USER_NAME as USER6_9_ from JRESERVE.TRIANGLE_COMMENT triangleco0_ where triangleco0_.OWNER_ID=?
DEBUG [org.hibernate.SQL]: select projectdat0_.ID as ID0_0_, projectdat0_.VERSION as VERSION0_0_, projectdat0_.CLAIM_TYPE_ID as CLAIM4_3_0_, projectdat0_.DB_ID as DB1_3_0_, projectdat0_.IS_TRIANGLE as IS2_3_0_, projectdat0_.NAME as NAME3_0_ from JRESERVE.DATA_TYPE projectdat0_ where projectdat0_.ID=?
FINE [org.jreserve.project.system.AbstractProjectElementFactory]: Loaded project element: Triangle [Paid;]
FINE [org.jreserve.triangle.smoothing.geometric.GeometricSmoothingLoader]: Loading GeometricSmoothings for: Triangle [Paid;]
DEBUG [org.hibernate.SQL]: select geometrics0_.ID as ID4_, geometrics0_1_.SMOOTHING_NAME as SMOOTHING2_4_, geometrics0_1_.SMOOTH_ORDER as SMOOTH3_4_, geometrics0_1_.OWNER_ID as OWNER4_4_, geometrics0_1_.VERSION as VERSION4_ from JRESERVE.GEOMETRIC_SMOOTHING geometrics0_ inner join JRESERVE.SMOOTHING geometrics0_1_ on geometrics0_.ID=geometrics0_1_.ID where geometrics0_1_.OWNER_ID=?
FINE [org.jreserve.triangle.correction.TriangleCorrectionLoader]: Loading TriangleCorrections for: Triangle [Paid;]
DEBUG [org.hibernate.SQL]: select triangleco0_.ID as ID0_, triangleco0_.VERSION as VERSION0_, triangleco0_.ACCIDENT_PERIOD as ACCIDENT1_6_, triangleco0_.CORRIGATED_VALUE as CORRIGATED2_6_, triangleco0_.DEVELOPMENT_PERIOD as DEVELOPM3_6_, triangleco0_.MODIFICATION_ORDER as MODIFICA4_6_, triangleco0_.OWNER_ID as OWNER5_6_ from JRESERVE.TRIANGLE_CORRECTION triangleco0_ where triangleco0_.OWNER_ID=?
FINE [org.jreserve.triangle.comment.TriangleCommentUtil]: Loading TriangleCorrections for: Triangle [Paid;]
DEBUG [org.hibernate.SQL]: select triangleco0_.ID as ID0_, triangleco0_.VERSION as VERSION0_, triangleco0_.ACCIDENT_PERIOD as ACCIDENT1_9_, triangleco0_.COMMANT_TEXT as COMMANT2_9_, triangleco0_.CREATION_DATE as CREATION3_9_, triangleco0_.DEVELOPMENT_PERIOD as DEVELOPM4_9_, triangleco0_.OWNER_ID as OWNER5_9_, triangleco0_.USER_NAME as USER6_9_ from JRESERVE.TRIANGLE_COMMENT triangleco0_ where triangleco0_.OWNER_ID=?
DEBUG [org.hibernate.SQL]: select projectdat0_.ID as ID0_0_, projectdat0_.VERSION as VERSION0_0_, projectdat0_.CLAIM_TYPE_ID as CLAIM4_3_0_, projectdat0_.DB_ID as DB1_3_0_, projectdat0_.IS_TRIANGLE as IS2_3_0_, projectdat0_.NAME as NAME3_0_ from JRESERVE.DATA_TYPE projectdat0_ where projectdat0_.ID=?
FINE [org.jreserve.project.system.AbstractProjectElementFactory]: Loaded project element: org.jreserve.project.system.container.ProjectElementContainer@12c
DEBUG [org.hibernate.SQL]: select projectdat0_.ID as ID0_, projectdat0_.VERSION as VERSION0_, projectdat0_.CLAIM_TYPE_ID as CLAIM4_3_, projectdat0_.DB_ID as DB1_3_, projectdat0_.IS_TRIANGLE as IS2_3_, projectdat0_.NAME as NAME3_ from JRESERVE.DATA_TYPE projectdat0_ where projectdat0_.CLAIM_TYPE_ID=? order by projectdat0_.DB_ID
FINE [org.jreserve.project.system.AbstractProjectElementFactory]: Loaded project element: ProjectDataType [100; Incurred; ClaimType [MD]]
FINE [org.jreserve.project.system.AbstractProjectElementFactory]: Loaded project element: ProjectDataType [200; Paid; ClaimType [MD]]
FINE [org.jreserve.project.system.AbstractProjectElementFactory]: Loaded project element: ProjectDataType [300; Claim count; ClaimType [MD]]
FINE [org.jreserve.project.system.AbstractProjectElementFactory]: Loaded project element: ProjectDataType [400; Burning cost; ClaimType [MD]]
FINE [org.jreserve.resources.annotation.RegistrationRegistry]: Loading values from "JReserve/Audit/AuditFactories"...
FINE [org.jreserve.resources.annotation.RegistrationRegistry]: Loaded instance: org.jreserve.triangle.data.audit.TriangleAuditor
FINE [org.jreserve.resources.annotation.RegistrationRegistry]: Loaded instance: org.jreserve.data.projectdatatype.ClaimTypeProjectDataTypeAuditor
FINE [org.jreserve.resources.annotation.RegistrationRegistry]: Loaded instance: org.jreserve.project.entities.project.ProjectAuditor
FINE [org.jreserve.resources.annotation.RegistrationRegistry]: Loaded instance: org.jreserve.data.projectdatatype.ProjectDataTypeDataLogAuditor
FINE [org.jreserve.resources.annotation.RegistrationRegistry]: Loaded instance: org.jreserve.project.entities.lob.LoBAuditor
FINE [org.jreserve.resources.annotation.RegistrationRegistry]: Loaded instance: org.jreserve.project.entities.claimtype.ClaimTypeAuditor
FINE [org.jreserve.resources.annotation.RegistrationRegistry]: Loaded instance: org.jreserve.triangle.data.audit.ProjectTriangleAuditor
FINE [org.jreserve.resources.annotation.RegistrationRegistry]: Loaded instance: org.jreserve.data.projectdatatype.ProjectDataTypeAuditor
FINE [org.jreserve.resources.annotation.RegistrationRegistry]: Loaded instance: org.jreserve.data.projectdatatype.ClaimTypeDataLogAuditor
FINE [org.jreserve.resources.annotation.RegistrationRegistry]: Loaded instance: org.jreserve.project.entities.project.ClaimTypeProjectAuditor
FINE [org.jreserve.resources.annotation.RegistrationRegistry]: Loaded instance: org.jreserve.triangle.comment.util.CommentAuditor
FINE [org.jreserve.resources.annotation.RegistrationRegistry]: Loaded instance: org.jreserve.project.entities.claimtype.LoBClaimTypeAuditor
FINE [org.jreserve.resources.annotation.RegistrationRegistry]: Loaded instance: org.jreserve.triangle.correction.CorrectionAuditor
FINE [org.jreserve.resources.annotation.RegistrationRegistry]: Loaded instance: org.jreserve.triangle.smoothing.geometric.GeometricSmoothingAuditor
DEBUG [org.hibernate.SQL]: select triangle_a0_.ID as ID16_0_, triangle_a0_.REV as REV16_0_, jreservere1_.REVISION_NUMBER as REVISION1_7_1_, triangle_a0_.REVTYPE as REVTYPE16_0_, triangle_a0_.DESCRIPTION as DESCRIPT1_17_0_, triangle_a0_.MONTH_IN_ACCIDENT as MONTH2_17_0_, triangle_a0_.ACCIDENT_PERIODS as ACCIDENT3_17_0_, triangle_a0_.MONTH_IN_DEVELOPMENT as MONTH4_17_0_, triangle_a0_.DEVELOPMENT_PERIODS as DEVELOPM5_17_0_, triangle_a0_.START_DATE as START6_17_0_, triangle_a0_.IS_TRIANGLE as IS7_17_0_, triangle_a0_.NAME as NAME17_0_, triangle_a0_.DATA_TYPE_ID as DATA9_17_0_, triangle_a0_.PROJECT_ID as PROJECT10_17_0_, jreservere1_.REVISION_TIME as REVISION2_7_1_, jreservere1_.USER_NAME as USER3_7_1_ from JRESERVE.TRIANGLE_AUD triangle_a0_, JRESERVE.REVISION jreservere1_ where triangle_a0_.ID=? and triangle_a0_.REV=jreservere1_.REVISION_NUMBER order by triangle_a0_.REV asc
DEBUG [org.hibernate.SQL]: select triangleco0_.ID as ID16_0_, triangleco0_.REV as REV16_0_, jreservere1_.REVISION_NUMBER as REVISION1_7_1_, triangleco0_.REVTYPE as REVTYPE16_0_, triangleco0_.ACCIDENT_PERIOD as ACCIDENT1_24_0_, triangleco0_.COMMANT_TEXT as COMMANT2_24_0_, triangleco0_.CREATION_DATE as CREATION3_24_0_, triangleco0_.DEVELOPMENT_PERIOD as DEVELOPM4_24_0_, triangleco0_.OWNER_ID as OWNER5_24_0_, triangleco0_.USER_NAME as USER6_24_0_, jreservere1_.REVISION_TIME as REVISION2_7_1_, jreservere1_.USER_NAME as USER3_7_1_ from JRESERVE.TRIANGLE_COMMENT_AUD triangleco0_, JRESERVE.REVISION jreservere1_ where triangleco0_.OWNER_ID=? and triangleco0_.REV=jreservere1_.REVISION_NUMBER order by triangleco0_.REV asc
DEBUG [org.hibernate.SQL]: select triangleco0_.ID as ID16_0_, triangleco0_.REV as REV16_0_, jreservere1_.REVISION_NUMBER as REVISION1_7_1_, triangleco0_.REVTYPE as REVTYPE16_0_, triangleco0_.ACCIDENT_PERIOD as ACCIDENT1_20_0_, triangleco0_.CORRIGATED_VALUE as CORRIGATED2_20_0_, triangleco0_.DEVELOPMENT_PERIOD as DEVELOPM3_20_0_, triangleco0_.MODIFICATION_ORDER as MODIFICA4_20_0_, triangleco0_.OWNER_ID as OWNER5_20_0_, jreservere1_.REVISION_TIME as REVISION2_7_1_, jreservere1_.USER_NAME as USER3_7_1_ from JRESERVE.TRIANGLE_CORRECTION_AUD triangleco0_, JRESERVE.REVISION jreservere1_ where triangleco0_.OWNER_ID=? and triangleco0_.REV=jreservere1_.REVISION_NUMBER order by triangleco0_.REV asc
DEBUG [org.hibernate.SQL]: select geometrics0_.ID as ID14_0_, geometrics0_.REV as REV14_0_, jreservere1_.REVISION_NUMBER as REVISION1_7_1_, geometrics0_1_.REVTYPE as REVTYPE14_0_, geometrics0_1_.SMOOTHING_NAME as SMOOTHING4_14_0_, geometrics0_1_.OWNER_ID as OWNER5_14_0_, jreservere1_.REVISION_TIME as REVISION2_7_1_, jreservere1_.USER_NAME as USER3_7_1_ from JRESERVE.GEOMETRIC_SMOOTHING_AUD geometrics0_ inner join JRESERVE.SMOOTHING_AUD geometrics0_1_ on geometrics0_.ID=geometrics0_1_.ID and geometrics0_.REV=geometrics0_1_.REV, JRESERVE.REVISION jreservere1_ where geometrics0_1_.OWNER_ID=? and geometrics0_.REV=jreservere1_.REVISION_NUMBER order by geometrics0_.REV asc
DEBUG [org.hibernate.SQL]: select triangle_a0_.ID as ID16_0_, triangle_a0_.REV as REV16_0_, jreservere1_.REVISION_NUMBER as REVISION1_7_1_, triangle_a0_.REVTYPE as REVTYPE16_0_, triangle_a0_.DESCRIPTION as DESCRIPT1_17_0_, triangle_a0_.MONTH_IN_ACCIDENT as MONTH2_17_0_, triangle_a0_.ACCIDENT_PERIODS as ACCIDENT3_17_0_, triangle_a0_.MONTH_IN_DEVELOPMENT as MONTH4_17_0_, triangle_a0_.DEVELOPMENT_PERIODS as DEVELOPM5_17_0_, triangle_a0_.START_DATE as START6_17_0_, triangle_a0_.IS_TRIANGLE as IS7_17_0_, triangle_a0_.NAME as NAME17_0_, triangle_a0_.DATA_TYPE_ID as DATA9_17_0_, triangle_a0_.PROJECT_ID as PROJECT10_17_0_, jreservere1_.REVISION_TIME as REVISION2_7_1_, jreservere1_.USER_NAME as USER3_7_1_ from JRESERVE.TRIANGLE_AUD triangle_a0_, JRESERVE.REVISION jreservere1_ where triangle_a0_.ID=? and triangle_a0_.REV=jreservere1_.REVISION_NUMBER order by triangle_a0_.REV asc
DEBUG [org.hibernate.SQL]: select triangleco0_.ID as ID16_0_, triangleco0_.REV as REV16_0_, jreservere1_.REVISION_NUMBER as REVISION1_7_1_, triangleco0_.REVTYPE as REVTYPE16_0_, triangleco0_.ACCIDENT_PERIOD as ACCIDENT1_24_0_, triangleco0_.COMMANT_TEXT as COMMANT2_24_0_, triangleco0_.CREATION_DATE as CREATION3_24_0_, triangleco0_.DEVELOPMENT_PERIOD as DEVELOPM4_24_0_, triangleco0_.OWNER_ID as OWNER5_24_0_, triangleco0_.USER_NAME as USER6_24_0_, jreservere1_.REVISION_TIME as REVISION2_7_1_, jreservere1_.USER_NAME as USER3_7_1_ from JRESERVE.TRIANGLE_COMMENT_AUD triangleco0_, JRESERVE.REVISION jreservere1_ where triangleco0_.OWNER_ID=? and triangleco0_.REV=jreservere1_.REVISION_NUMBER order by triangleco0_.REV asc
DEBUG [org.hibernate.SQL]: select triangleco0_.ID as ID16_0_, triangleco0_.REV as REV16_0_, jreservere1_.REVISION_NUMBER as REVISION1_7_1_, triangleco0_.REVTYPE as REVTYPE16_0_, triangleco0_.ACCIDENT_PERIOD as ACCIDENT1_20_0_, triangleco0_.CORRIGATED_VALUE as CORRIGATED2_20_0_, triangleco0_.DEVELOPMENT_PERIOD as DEVELOPM3_20_0_, triangleco0_.MODIFICATION_ORDER as MODIFICA4_20_0_, triangleco0_.OWNER_ID as OWNER5_20_0_, jreservere1_.REVISION_TIME as REVISION2_7_1_, jreservere1_.USER_NAME as USER3_7_1_ from JRESERVE.TRIANGLE_CORRECTION_AUD triangleco0_, JRESERVE.REVISION jreservere1_ where triangleco0_.OWNER_ID=? and triangleco0_.REV=jreservere1_.REVISION_NUMBER order by triangleco0_.REV asc
DEBUG [org.hibernate.SQL]: select geometrics0_.ID as ID14_0_, geometrics0_.REV as REV14_0_, jreservere1_.REVISION_NUMBER as REVISION1_7_1_, geometrics0_1_.REVTYPE as REVTYPE14_0_, geometrics0_1_.SMOOTHING_NAME as SMOOTHING4_14_0_, geometrics0_1_.OWNER_ID as OWNER5_14_0_, jreservere1_.REVISION_TIME as REVISION2_7_1_, jreservere1_.USER_NAME as USER3_7_1_ from JRESERVE.GEOMETRIC_SMOOTHING_AUD geometrics0_ inner join JRESERVE.SMOOTHING_AUD geometrics0_1_ on geometrics0_.ID=geometrics0_1_.ID and geometrics0_.REV=geometrics0_1_.REV, JRESERVE.REVISION jreservere1_ where geometrics0_1_.OWNER_ID=? and geometrics0_.REV=jreservere1_.REVISION_NUMBER order by geometrics0_.REV asc
DEBUG [org.hibernate.SQL]: select triangle_a0_.ID as ID16_0_, triangle_a0_.REV as REV16_0_, jreservere1_.REVISION_NUMBER as REVISION1_7_1_, triangle_a0_.REVTYPE as REVTYPE16_0_, triangle_a0_.DESCRIPTION as DESCRIPT1_17_0_, triangle_a0_.MONTH_IN_ACCIDENT as MONTH2_17_0_, triangle_a0_.ACCIDENT_PERIODS as ACCIDENT3_17_0_, triangle_a0_.MONTH_IN_DEVELOPMENT as MONTH4_17_0_, triangle_a0_.DEVELOPMENT_PERIODS as DEVELOPM5_17_0_, triangle_a0_.START_DATE as START6_17_0_, triangle_a0_.IS_TRIANGLE as IS7_17_0_, triangle_a0_.NAME as NAME17_0_, triangle_a0_.DATA_TYPE_ID as DATA9_17_0_, triangle_a0_.PROJECT_ID as PROJECT10_17_0_, jreservere1_.REVISION_TIME as REVISION2_7_1_, jreservere1_.USER_NAME as USER3_7_1_ from JRESERVE.TRIANGLE_AUD triangle_a0_, JRESERVE.REVISION jreservere1_ where triangle_a0_.ID=? and triangle_a0_.REV=jreservere1_.REVISION_NUMBER order by triangle_a0_.REV asc
DEBUG [org.hibernate.SQL]: select triangleco0_.ID as ID16_0_, triangleco0_.REV as REV16_0_, jreservere1_.REVISION_NUMBER as REVISION1_7_1_, triangleco0_.REVTYPE as REVTYPE16_0_, triangleco0_.ACCIDENT_PERIOD as ACCIDENT1_24_0_, triangleco0_.COMMANT_TEXT as COMMANT2_24_0_, triangleco0_.CREATION_DATE as CREATION3_24_0_, triangleco0_.DEVELOPMENT_PERIOD as DEVELOPM4_24_0_, triangleco0_.OWNER_ID as OWNER5_24_0_, triangleco0_.USER_NAME as USER6_24_0_, jreservere1_.REVISION_TIME as REVISION2_7_1_, jreservere1_.USER_NAME as USER3_7_1_ from JRESERVE.TRIANGLE_COMMENT_AUD triangleco0_, JRESERVE.REVISION jreservere1_ where triangleco0_.OWNER_ID=? and triangleco0_.REV=jreservere1_.REVISION_NUMBER order by triangleco0_.REV asc
DEBUG [org.hibernate.SQL]: select triangleco0_.ID as ID16_0_, triangleco0_.REV as REV16_0_, jreservere1_.REVISION_NUMBER as REVISION1_7_1_, triangleco0_.REVTYPE as REVTYPE16_0_, triangleco0_.ACCIDENT_PERIOD as ACCIDENT1_20_0_, triangleco0_.CORRIGATED_VALUE as CORRIGATED2_20_0_, triangleco0_.DEVELOPMENT_PERIOD as DEVELOPM3_20_0_, triangleco0_.MODIFICATION_ORDER as MODIFICA4_20_0_, triangleco0_.OWNER_ID as OWNER5_20_0_, jreservere1_.REVISION_TIME as REVISION2_7_1_, jreservere1_.USER_NAME as USER3_7_1_ from JRESERVE.TRIANGLE_CORRECTION_AUD triangleco0_, JRESERVE.REVISION jreservere1_ where triangleco0_.OWNER_ID=? and triangleco0_.REV=jreservere1_.REVISION_NUMBER order by triangleco0_.REV asc
DEBUG [org.hibernate.SQL]: select geometrics0_.ID as ID14_0_, geometrics0_.REV as REV14_0_, jreservere1_.REVISION_NUMBER as REVISION1_7_1_, geometrics0_1_.REVTYPE as REVTYPE14_0_, geometrics0_1_.SMOOTHING_NAME as SMOOTHING4_14_0_, geometrics0_1_.OWNER_ID as OWNER5_14_0_, jreservere1_.REVISION_TIME as REVISION2_7_1_, jreservere1_.USER_NAME as USER3_7_1_ from JRESERVE.GEOMETRIC_SMOOTHING_AUD geometrics0_ inner join JRESERVE.SMOOTHING_AUD geometrics0_1_ on geometrics0_.ID=geometrics0_1_.ID and geometrics0_.REV=geometrics0_1_.REV, JRESERVE.REVISION jreservere1_ where geometrics0_1_.OWNER_ID=? and geometrics0_.REV=jreservere1_.REVISION_NUMBER order by geometrics0_.REV asc
DEBUG [org.hibernate.SQL]: select triangle_a0_.ID as ID16_0_, triangle_a0_.REV as REV16_0_, jreservere1_.REVISION_NUMBER as REVISION1_7_1_, triangle_a0_.REVTYPE as REVTYPE16_0_, triangle_a0_.DESCRIPTION as DESCRIPT1_17_0_, triangle_a0_.MONTH_IN_ACCIDENT as MONTH2_17_0_, triangle_a0_.ACCIDENT_PERIODS as ACCIDENT3_17_0_, triangle_a0_.MONTH_IN_DEVELOPMENT as MONTH4_17_0_, triangle_a0_.DEVELOPMENT_PERIODS as DEVELOPM5_17_0_, triangle_a0_.START_DATE as START6_17_0_, triangle_a0_.IS_TRIANGLE as IS7_17_0_, triangle_a0_.NAME as NAME17_0_, triangle_a0_.DATA_TYPE_ID as DATA9_17_0_, triangle_a0_.PROJECT_ID as PROJECT10_17_0_, jreservere1_.REVISION_TIME as REVISION2_7_1_, jreservere1_.USER_NAME as USER3_7_1_ from JRESERVE.TRIANGLE_AUD triangle_a0_, JRESERVE.REVISION jreservere1_ where triangle_a0_.ID=? and triangle_a0_.REV=jreservere1_.REVISION_NUMBER order by triangle_a0_.REV asc
DEBUG [org.hibernate.SQL]: select triangleco0_.ID as ID16_0_, triangleco0_.REV as REV16_0_, jreservere1_.REVISION_NUMBER as REVISION1_7_1_, triangleco0_.REVTYPE as REVTYPE16_0_, triangleco0_.ACCIDENT_PERIOD as ACCIDENT1_24_0_, triangleco0_.COMMANT_TEXT as COMMANT2_24_0_, triangleco0_.CREATION_DATE as CREATION3_24_0_, triangleco0_.DEVELOPMENT_PERIOD as DEVELOPM4_24_0_, triangleco0_.OWNER_ID as OWNER5_24_0_, triangleco0_.USER_NAME as USER6_24_0_, jreservere1_.REVISION_TIME as REVISION2_7_1_, jreservere1_.USER_NAME as USER3_7_1_ from JRESERVE.TRIANGLE_COMMENT_AUD triangleco0_, JRESERVE.REVISION jreservere1_ where triangleco0_.OWNER_ID=? and triangleco0_.REV=jreservere1_.REVISION_NUMBER order by triangleco0_.REV asc
DEBUG [org.hibernate.SQL]: select triangleco0_.ID as ID16_0_, triangleco0_.REV as REV16_0_, jreservere1_.REVISION_NUMBER as REVISION1_7_1_, triangleco0_.REVTYPE as REVTYPE16_0_, triangleco0_.ACCIDENT_PERIOD as ACCIDENT1_20_0_, triangleco0_.CORRIGATED_VALUE as CORRIGATED2_20_0_, triangleco0_.DEVELOPMENT_PERIOD as DEVELOPM3_20_0_, triangleco0_.MODIFICATION_ORDER as MODIFICA4_20_0_, triangleco0_.OWNER_ID as OWNER5_20_0_, jreservere1_.REVISION_TIME as REVISION2_7_1_, jreservere1_.USER_NAME as USER3_7_1_ from JRESERVE.TRIANGLE_CORRECTION_AUD triangleco0_, JRESERVE.REVISION jreservere1_ where triangleco0_.OWNER_ID=? and triangleco0_.REV=jreservere1_.REVISION_NUMBER order by triangleco0_.REV asc
DEBUG [org.hibernate.SQL]: select geometrics0_.ID as ID14_0_, geometrics0_.REV as REV14_0_, jreservere1_.REVISION_NUMBER as REVISION1_7_1_, geometrics0_1_.REVTYPE as REVTYPE14_0_, geometrics0_1_.SMOOTHING_NAME as SMOOTHING4_14_0_, geometrics0_1_.OWNER_ID as OWNER5_14_0_, jreservere1_.REVISION_TIME as REVISION2_7_1_, jreservere1_.USER_NAME as USER3_7_1_ from JRESERVE.GEOMETRIC_SMOOTHING_AUD geometrics0_ inner join JRESERVE.SMOOTHING_AUD geometrics0_1_ on geometrics0_.ID=geometrics0_1_.ID and geometrics0_.REV=geometrics0_1_.REV, JRESERVE.REVISION jreservere1_ where geometrics0_1_.OWNER_ID=? and geometrics0_.REV=jreservere1_.REVISION_NUMBER order by geometrics0_.REV asc
DEBUG [org.hibernate.SQL]: select triangle_a0_.ID as ID16_0_, triangle_a0_.REV as REV16_0_, jreservere1_.REVISION_NUMBER as REVISION1_7_1_, triangle_a0_.REVTYPE as REVTYPE16_0_, triangle_a0_.DESCRIPTION as DESCRIPT1_17_0_, triangle_a0_.MONTH_IN_ACCIDENT as MONTH2_17_0_, triangle_a0_.ACCIDENT_PERIODS as ACCIDENT3_17_0_, triangle_a0_.MONTH_IN_DEVELOPMENT as MONTH4_17_0_, triangle_a0_.DEVELOPMENT_PERIODS as DEVELOPM5_17_0_, triangle_a0_.START_DATE as START6_17_0_, triangle_a0_.IS_TRIANGLE as IS7_17_0_, triangle_a0_.NAME as NAME17_0_, triangle_a0_.DATA_TYPE_ID as DATA9_17_0_, triangle_a0_.PROJECT_ID as PROJECT10_17_0_, jreservere1_.REVISION_TIME as REVISION2_7_1_, jreservere1_.USER_NAME as USER3_7_1_ from JRESERVE.TRIANGLE_AUD triangle_a0_, JRESERVE.REVISION jreservere1_ where triangle_a0_.ID=? and triangle_a0_.REV=jreservere1_.REVISION_NUMBER order by triangle_a0_.REV asc
DEBUG [org.hibernate.SQL]: select triangleco0_.ID as ID16_0_, triangleco0_.REV as REV16_0_, jreservere1_.REVISION_NUMBER as REVISION1_7_1_, triangleco0_.REVTYPE as REVTYPE16_0_, triangleco0_.ACCIDENT_PERIOD as ACCIDENT1_24_0_, triangleco0_.COMMANT_TEXT as COMMANT2_24_0_, triangleco0_.CREATION_DATE as CREATION3_24_0_, triangleco0_.DEVELOPMENT_PERIOD as DEVELOPM4_24_0_, triangleco0_.OWNER_ID as OWNER5_24_0_, triangleco0_.USER_NAME as USER6_24_0_, jreservere1_.REVISION_TIME as REVISION2_7_1_, jreservere1_.USER_NAME as USER3_7_1_ from JRESERVE.TRIANGLE_COMMENT_AUD triangleco0_, JRESERVE.REVISION jreservere1_ where triangleco0_.OWNER_ID=? and triangleco0_.REV=jreservere1_.REVISION_NUMBER order by triangleco0_.REV asc
DEBUG [org.hibernate.SQL]: select triangleco0_.ID as ID16_0_, triangleco0_.REV as REV16_0_, jreservere1_.REVISION_NUMBER as REVISION1_7_1_, triangleco0_.REVTYPE as REVTYPE16_0_, triangleco0_.ACCIDENT_PERIOD as ACCIDENT1_20_0_, triangleco0_.CORRIGATED_VALUE as CORRIGATED2_20_0_, triangleco0_.DEVELOPMENT_PERIOD as DEVELOPM3_20_0_, triangleco0_.MODIFICATION_ORDER as MODIFICA4_20_0_, triangleco0_.OWNER_ID as OWNER5_20_0_, jreservere1_.REVISION_TIME as REVISION2_7_1_, jreservere1_.USER_NAME as USER3_7_1_ from JRESERVE.TRIANGLE_CORRECTION_AUD triangleco0_, JRESERVE.REVISION jreservere1_ where triangleco0_.OWNER_ID=? and triangleco0_.REV=jreservere1_.REVISION_NUMBER order by triangleco0_.REV asc
DEBUG [org.hibernate.SQL]: select geometrics0_.ID as ID14_0_, geometrics0_.REV as REV14_0_, jreservere1_.REVISION_NUMBER as REVISION1_7_1_, geometrics0_1_.REVTYPE as REVTYPE14_0_, geometrics0_1_.SMOOTHING_NAME as SMOOTHING4_14_0_, geometrics0_1_.OWNER_ID as OWNER5_14_0_, jreservere1_.REVISION_TIME as REVISION2_7_1_, jreservere1_.USER_NAME as USER3_7_1_ from JRESERVE.GEOMETRIC_SMOOTHING_AUD geometrics0_ inner join JRESERVE.SMOOTHING_AUD geometrics0_1_ on geometrics0_.ID=geometrics0_1_.ID and geometrics0_.REV=geometrics0_1_.REV, JRESERVE.REVISION jreservere1_ where geometrics0_1_.OWNER_ID=? and geometrics0_.REV=jreservere1_.REVISION_NUMBER order by geometrics0_.REV asc
INFO [org.jreserve.persistence.connection.HibernateUtil]: CLosing SessionFactory...
